Time: 2020-08-29 18:35:24.665134087 +0000 UTC, Service: , StatusCode: 200, HealthStatus: GREEN 
Time: 2020-08-29 18:35:25.538113668 +0000 UTC, Service: , StatusCode: 200, HealthStatus: GREEN 
Time: 2020-08-29 18:35:26.536972521 +0000 UTC, Service: , StatusCode: 200, HealthStatus: GREEN 
Time: 2020-08-29 18:35:27.537746879 +0000 UTC, Service: , StatusCode: 200, HealthStatus: GREEN 
Time: 2020-08-29 18:35:29.548919875 +0000 UTC, Service: , StatusCode: 200, HealthStatus: GREEN 
Time: 2020-08-29 18:35:29.580392294 +0000 UTC, Service: , StatusCode: 200, HealthStatus: GREEN 
Time: 2020-08-29 18:35:30.557220914 +0000 UTC, Service: , StatusCode: 200, HealthStatus: GREEN 
Time: 2020-08-29 18:35:31.537338809 +0000 UTC, Service: , StatusCode: 200, HealthStatus: GREEN 
Time: 2020-08-29 18:35:32.557486195 +0000 UTC, Service: , StatusCode: 500, ErrorMsg: %!(EXTRA string=Get request error: 500 Internal Server Error, Internal Server Error), HealthStatus: YELLOW 
Time: 2020-08-29 18:35:33.537069862 +0000 UTC, Service: , StatusCode: 200, HealthStatus: YELLOW 
Time: 2020-08-29 18:35:34.544893245 +0000 UTC, Service: , StatusCode: 200, HealthStatus: YELLOW 
Time: 2020-08-29 18:35:35.562608748 +0000 UTC, Service: , StatusCode: 200, HealthStatus: YELLOW 
Time: 2020-08-29 18:35:36.551162233 +0000 UTC, Service: , StatusCode: 500, ErrorMsg: %!(EXTRA string=Get request error: 500 Internal Server Error, Internal Server Error), HealthStatus: YELLOW 
Time: 2020-08-29 18:35:37.538438208 +0000 UTC, Service: , StatusCode: 200, HealthStatus: YELLOW 
Time: 2020-08-29 18:35:38.537603517 +0000 UTC, Service: , StatusCode: 200, HealthStatus: YELLOW 
Time: 2020-08-29 18:35:39.537144893 +0000 UTC, Service: , StatusCode: 200, HealthStatus: YELLOW 
Time: 2020-08-29 18:35:40.53736953 +0000 UTC, Service: , StatusCode: 200, HealthStatus: YELLOW 
Time: 2020-08-29 18:35:41.539366113 +0000 UTC, Service: , StatusCode: 200, HealthStatus: YELLOW 
Time: 2020-08-29 18:35:42.538281729 +0000 UTC, Service: , StatusCode: 200, HealthStatus: YELLOW 
Time: 2020-08-29 18:35:43.55233437 +0000 UTC, Service: , StatusCode: 500, ErrorMsg: %!(EXTRA string=Get request error: 500 Internal Server Error, Internal Server Error), HealthStatus: YELLOW 
Time: 2020-08-29 18:35:44.537931536 +0000 UTC, Service: , StatusCode: 200, HealthStatus: YELLOW 
Time: 2020-08-29 18:35:46.127818906 +0000 UTC, Service: , StatusCode: 200, HealthStatus: YELLOW 
Time: 2020-08-29 18:35:46.546592494 +0000 UTC, Service: , StatusCode: 500, ErrorMsg: %!(EXTRA string=Get request error: 500 Internal Server Error, Internal Server Error), HealthStatus: YELLOW 
Time: 2020-08-29 18:35:47.540407139 +0000 UTC, Service: , StatusCode: 200, HealthStatus: YELLOW 
Time: 2020-08-29 18:35:48.539536759 +0000 UTC, Service: , StatusCode: 200, HealthStatus: YELLOW 
Time: 2020-08-29 18:35:49.554473926 +0000 UTC, Service: , StatusCode: 200, HealthStatus: YELLOW 
Time: 2020-08-29 18:35:50.541880332 +0000 UTC, Service: , StatusCode: 200, HealthStatus: YELLOW 
Time: 2020-08-29 18:35:51.535758873 +0000 UTC, Service: , StatusCode: 200, HealthStatus: YELLOW 
Time: 2020-08-29 18:35:52.556803535 +0000 UTC, Service: , StatusCode: 200, HealthStatus: YELLOW 
Time: 2020-08-29 18:35:53.537103765 +0000 UTC, Service: , StatusCode: 200, HealthStatus: YELLOW 
Time: 2020-08-29 18:35:54.555781646 +0000 UTC, Service: , StatusCode: 200, HealthStatus: YELLOW 
Time: 2020-08-29 18:35:55.561164029 +0000 UTC, Service: , StatusCode: 200, HealthStatus: YELLOW 
Time: 2020-08-29 18:36:01.464077661 +0000 UTC, Service: , StatusCode: 200, HealthStatus: GREEN 
Time: 2020-08-29 18:36:02.362688123 +0000 UTC, Service: , StatusCode: 200, HealthStatus: GREEN 
Time: 2020-08-29 18:36:03.361417154 +0000 UTC, Service: , StatusCode: 200, HealthStatus: GREEN 
Time: 2020-08-29 18:36:04.476142568 +0000 UTC, Service: , StatusCode: 500, ErrorMsg: Get request error: 500 Internal Server Error, Internal Server Error, HealthStatus: RED 
Time: 2020-08-29 18:36:05.243220625 +0000 UTC, Service: , StatusCode: 200, HealthStatus: GREEN 
Time: 2020-08-29 18:36:05.363021768 +0000 UTC, Service: , StatusCode: 200, HealthStatus: YELLOW 
Time: 2020-08-29 18:36:06.13048385 +0000 UTC, Service: , StatusCode: 200, HealthStatus: GREEN 
Time: 2020-08-29 18:36:06.361271518 +0000 UTC, Service: , StatusCode: 200, HealthStatus: YELLOW 
Time: 2020-08-29 18:36:07.372689322 +0000 UTC, Service: , StatusCode: 200, HealthStatus: YELLOW 
Time: 2020-08-29 18:36:08.361407482 +0000 UTC, Service: , StatusCode: 200, HealthStatus: YELLOW 
Time: 2020-08-29 18:36:09.362509967 +0000 UTC, Service: , StatusCode: 200, HealthStatus: YELLOW 
Time: 2020-08-29 18:36:10.359412078 +0000 UTC, Service: , StatusCode: 200, HealthStatus: YELLOW 
Time: 2020-08-29 18:36:11.361345623 +0000 UTC, Service: , StatusCode: 200, HealthStatus: YELLOW 
Time: 2020-08-29 18:36:12.361935986 +0000 UTC, Service: , StatusCode: 200, HealthStatus: YELLOW 
Time: 2020-08-29 18:36:13.360138471 +0000 UTC, Service: , StatusCode: 200, HealthStatus: YELLOW 
Time: 2020-08-29 18:36:14.361817936 +0000 UTC, Service: , StatusCode: 200, HealthStatus: YELLOW 
Time: 2020-08-29 18:36:15.360651464 +0000 UTC, Service: , StatusCode: 200, HealthStatus: YELLOW 
Time: 2020-08-29 18:36:16.362433925 +0000 UTC, Service: , StatusCode: 200, HealthStatus: YELLOW 
Time: 2020-08-29 18:36:18.047900686 +0000 UTC, Service: , StatusCode: 200, HealthStatus: YELLOW 
Time: 2020-08-29 18:36:18.361041033 +0000 UTC, Service: , StatusCode: 200, HealthStatus: YELLOW 
Time: 2020-08-29 18:36:19.359675226 +0000 UTC, Service: , StatusCode: 200, HealthStatus: YELLOW 
Time: 2020-08-29 18:36:20.382977339 +0000 UTC, Service: , StatusCode: 500, ErrorMsg: Get request error: 500 Internal Server Error, Internal Server Error, HealthStatus: YELLOW 
Time: 2020-08-29 18:36:21.361416863 +0000 UTC, Service: , StatusCode: 200, HealthStatus: YELLOW 
Time: 2020-08-29 18:36:22.360597581 +0000 UTC, Service: , StatusCode: 200, HealthStatus: YELLOW 
Time: 2020-08-29 18:36:23.36119375 +0000 UTC, Service: , StatusCode: 200, HealthStatus: YELLOW 
Time: 2020-08-29 18:36:24.368787453 +0000 UTC, Service: , StatusCode: 200, HealthStatus: YELLOW 
Time: 2020-08-29 18:36:25.373024958 +0000 UTC, Service: , StatusCode: 200, HealthStatus: YELLOW 
Time: 2020-08-29 18:36:26.361300088 +0000 UTC, Service: , StatusCode: 200, HealthStatus: YELLOW 
Time: 2020-08-29 18:36:27.375916666 +0000 UTC, Service: , StatusCode: 200, HealthStatus: YELLOW 
Time: 2020-08-29 18:36:28.362347189 +0000 UTC, Service: , StatusCode: 200, HealthStatus: YELLOW 
Time: 2020-08-29 18:36:29.360594372 +0000 UTC, Service: , StatusCode: 200, HealthStatus: YELLOW 
Time: 2020-08-29 18:36:30.820001246 +0000 UTC, Service: , StatusCode: 200, HealthStatus: YELLOW 
Time: 2020-08-29 18:36:31.361370827 +0000 UTC, Service: , StatusCode: 200, HealthStatus: YELLOW 
Time: 2020-08-29 18:36:32.387504209 +0000 UTC, Service: , StatusCode: 500, ErrorMsg: Get request error: 500 Internal Server Error, Internal Server Error, HealthStatus: YELLOW 
Time: 2020-08-29 18:36:33.361754354 +0000 UTC, Service: , StatusCode: 200, HealthStatus: YELLOW 
Time: 2020-08-29 18:36:34.384258939 +0000 UTC, Service: , StatusCode: 200, HealthStatus: YELLOW 
Time: 2020-08-29 18:36:35.364178982 +0000 UTC, Service: , StatusCode: 200, HealthStatus: YELLOW 
Time: 2020-08-29 18:36:36.36377015 +0000 UTC, Service: , StatusCode: 200, HealthStatus: YELLOW 
Time: 2020-08-29 18:36:37.369160124 +0000 UTC, Service: , StatusCode: 500, ErrorMsg: Get request error: 500 Internal Server Error, Internal Server Error, HealthStatus: YELLOW 
Time: 2020-08-29 18:36:38.384851061 +0000 UTC, Service: , StatusCode: 200, HealthStatus: YELLOW 
Time: 2020-08-29 18:36:39.386962831 +0000 UTC, Service: , StatusCode: 200, HealthStatus: YELLOW 
Time: 2020-08-29 18:36:40.369707029 +0000 UTC, Service: , StatusCode: 200, HealthStatus: YELLOW 
Time: 2020-08-29 18:36:41.361196939 +0000 UTC, Service: , StatusCode: 200, HealthStatus: YELLOW 
Time: 2020-08-29 18:36:42.362853809 +0000 UTC, Service: , StatusCode: 200, HealthStatus: YELLOW 
Time: 2020-08-29 18:36:43.362600896 +0000 UTC, Service: , StatusCode: 200, HealthStatus: YELLOW 
Time: 2020-08-29 18:36:44.363539518 +0000 UTC, Service: , StatusCode: 200, HealthStatus: YELLOW 
Time: 2020-08-29 18:36:45.361173523 +0000 UTC, Service: , StatusCode: 200, HealthStatus: YELLOW 
Time: 2020-08-29 18:36:46.361486473 +0000 UTC, Service: , StatusCode: 200, HealthStatus: YELLOW 
Time: 2020-08-29 18:36:47.361503659 +0000 UTC, Service: , StatusCode: 200, HealthStatus: YELLOW 
Time: 2020-08-29 18:36:48.38421915 +0000 UTC, Service: , StatusCode: 500, ErrorMsg: Get request error: 500 Internal Server Error, Internal Server Error, HealthStatus: YELLOW 
Time: 2020-08-29 18:36:49.366026934 +0000 UTC, Service: , StatusCode: 200, HealthStatus: YELLOW 
Time: 2020-08-29 18:36:50.360733647 +0000 UTC, Service: , StatusCode: 200, HealthStatus: YELLOW 
Time: 2020-08-29 18:36:51.362369079 +0000 UTC, Service: , StatusCode: 200, HealthStatus: YELLOW 
Time: 2020-08-29 18:36:52.359845831 +0000 UTC, Service: , StatusCode: 200, HealthStatus: YELLOW 
Time: 2020-08-29 18:36:53.361542337 +0000 UTC, Service: , StatusCode: 200, HealthStatus: YELLOW 
Time: 2020-08-29 18:36:54.360652288 +0000 UTC, Service: , StatusCode: 200, HealthStatus: YELLOW 
Time: 2020-08-29 18:36:55.361375697 +0000 UTC, Service: , StatusCode: 200, HealthStatus: YELLOW 
Time: 2020-08-29 18:36:56.361619194 +0000 UTC, Service: , StatusCode: 200, HealthStatus: YELLOW 
Time: 2020-08-29 18:36:57.389624363 +0000 UTC, Service: , StatusCode: 200, HealthStatus: YELLOW 
Time: 2020-08-29 18:36:58.370183455 +0000 UTC, Service: , StatusCode: 200, HealthStatus: YELLOW 
Time: 2020-08-29 18:36:59.361053125 +0000 UTC, Service: , StatusCode: 200, HealthStatus: YELLOW 
Time: 2020-08-29 18:37:00.360942045 +0000 UTC, Service: , StatusCode: 200, HealthStatus: YELLOW 
Time: 2020-08-29 18:37:01.358984511 +0000 UTC, Service: , StatusCode: 200, HealthStatus: YELLOW 
Time: 2020-08-29 18:37:02.361701251 +0000 UTC, Service: , StatusCode: 200, HealthStatus: YELLOW 
Time: 2020-08-29 18:37:03.361527371 +0000 UTC, Service: , StatusCode: 200, HealthStatus: YELLOW 
Time: 2020-08-29 18:37:04.359763029 +0000 UTC, Service: , StatusCode: 200, HealthStatus: YELLOW 
Time: 2020-08-29 18:37:05.360982949 +0000 UTC, Service: , StatusCode: 200, HealthStatus: YELLOW 
Time: 2020-08-29 18:37:06.361657297 +0000 UTC, Service: , StatusCode: 200, HealthStatus: YELLOW 
Time: 2020-08-29 18:37:07.383733487 +0000 UTC, Service: , StatusCode: 200, HealthStatus: YELLOW 
Time: 2020-08-29 18:37:08.362918368 +0000 UTC, Service: , StatusCode: 200, HealthStatus: GREEN 
Time: 2020-08-29 18:37:09.361566978 +0000 UTC, Service: , StatusCode: 200, HealthStatus: GREEN 
Time: 2020-08-29 18:37:10.379870955 +0000 UTC, Service: , StatusCode: 500, ErrorMsg: Get request error: 500 Internal Server Error, Internal Server Error, HealthStatus: YELLOW 
Time: 2020-08-29 18:37:11.361512686 +0000 UTC, Service: , StatusCode: 200, HealthStatus: YELLOW 
Time: 2020-08-29 18:37:12.361736872 +0000 UTC, Service: , StatusCode: 200, HealthStatus: YELLOW 
Time: 2020-08-29 18:37:13.362081863 +0000 UTC, Service: , StatusCode: 200, HealthStatus: YELLOW 
Time: 2020-08-29 18:37:14.377541174 +0000 UTC, Service: , StatusCode: 200, HealthStatus: YELLOW 
Time: 2020-08-29 18:37:15.360601457 +0000 UTC, Service: , StatusCode: 200, HealthStatus: YELLOW 
Time: 2020-08-29 18:37:16.361354042 +0000 UTC, Service: , StatusCode: 200, HealthStatus: YELLOW 
Time: 2020-08-29 18:37:17.365930687 +0000 UTC, Service: , StatusCode: 500, ErrorMsg: Get request error: 500 Internal Server Error, Internal Server Error, HealthStatus: YELLOW 
Time: 2020-08-29 18:37:18.360165599 +0000 UTC, Service: , StatusCode: 200, HealthStatus: YELLOW 
Time: 2020-08-29 18:37:19.359779771 +0000 UTC, Service: , StatusCode: 200, HealthStatus: YELLOW 
Time: 2020-08-29 18:37:20.361464599 +0000 UTC, Service: , StatusCode: 200, HealthStatus: YELLOW 
Time: 2020-08-29 18:37:21.383182896 +0000 UTC, Service: , StatusCode: 500, ErrorMsg: Get request error: 500 Internal Server Error, Internal Server Error, HealthStatus: YELLOW 
Time: 2020-08-29 18:37:22.372253715 +0000 UTC, Service: , StatusCode: 200, HealthStatus: YELLOW 
Time: 2020-08-29 18:37:23.363410034 +0000 UTC, Service: , StatusCode: 200, HealthStatus: YELLOW 
Time: 2020-08-29 18:37:24.361115159 +0000 UTC, Service: , StatusCode: 200, HealthStatus: YELLOW 
Time: 2020-08-29 18:37:25.359529787 +0000 UTC, Service: , StatusCode: 200, HealthStatus: YELLOW 
Time: 2020-08-29 18:37:26.379835035 +0000 UTC, Service: , StatusCode: 200, HealthStatus: YELLOW 
Time: 2020-08-29 18:37:27.362868789 +0000 UTC, Service: , StatusCode: 200, HealthStatus: YELLOW 
Time: 2020-08-29 18:37:28.359670244 +0000 UTC, Service: , StatusCode: 200, HealthStatus: YELLOW 
Time: 2020-08-29 18:37:29.36161984 +0000 UTC, Service: , StatusCode: 200, HealthStatus: YELLOW 
Time: 2020-08-29 18:37:30.361544493 +0000 UTC, Service: , StatusCode: 200, HealthStatus: YELLOW 
Time: 2020-08-29 18:37:31.36179934 +0000 UTC, Service: , StatusCode: 200, HealthStatus: YELLOW 
Time: 2020-08-29 18:37:32.829708074 +0000 UTC, Service: , StatusCode: 500, ErrorMsg: Get request error: 500 Internal Server Error, Internal Server Error, HealthStatus: YELLOW 
Time: 2020-08-29 18:37:33.35966494 +0000 UTC, Service: , StatusCode: 200, HealthStatus: YELLOW 
Time: 2020-08-29 18:37:34.361818146 +0000 UTC, Service: , StatusCode: 200, HealthStatus: YELLOW 
Time: 2020-08-29 18:37:35.362144875 +0000 UTC, Service: , StatusCode: 200, HealthStatus: YELLOW 
Time: 2020-08-29 18:37:36.36115165 +0000 UTC, Service: , StatusCode: 200, HealthStatus: YELLOW 
Time: 2020-08-29 18:37:37.904428205 +0000 UTC, Service: , StatusCode: 200, HealthStatus: YELLOW 
Time: 2020-08-29 18:37:38.362076828 +0000 UTC, Service: , StatusCode: 200, HealthStatus: YELLOW 
Time: 2020-08-29 18:37:39.363599451 +0000 UTC, Service: , StatusCode: 200, HealthStatus: YELLOW 
Time: 2020-08-29 18:37:40.369356235 +0000 UTC, Service: , StatusCode: 200, HealthStatus: YELLOW 
Time: 2020-08-29 18:37:41.360880552 +0000 UTC, Service: , StatusCode: 200, HealthStatus: YELLOW 
Time: 2020-08-29 18:37:42.396024503 +0000 UTC, Service: , StatusCode: 200, HealthStatus: YELLOW 
Time: 2020-08-29 18:37:43.362310716 +0000 UTC, Service: , StatusCode: 200, HealthStatus: YELLOW 
Time: 2020-08-29 18:37:44.361294957 +0000 UTC, Service: , StatusCode: 200, HealthStatus: YELLOW 
Time: 2020-08-29 18:37:45.358466438 +0000 UTC, Service: , StatusCode: 200, HealthStatus: YELLOW 
Time: 2020-08-29 18:37:46.38149337 +0000 UTC, Service: , StatusCode: 200, HealthStatus: YELLOW 
Time: 2020-08-29 18:37:47.361458234 +0000 UTC, Service: , StatusCode: 200, HealthStatus: YELLOW 
Time: 2020-08-29 18:37:48.361841947 +0000 UTC, Service: , StatusCode: 200, HealthStatus: YELLOW 
Time: 2020-08-29 18:37:49.360514711 +0000 UTC, Service: , StatusCode: 200, HealthStatus: YELLOW 
Time: 2020-08-29 18:37:50.372536662 +0000 UTC, Service: , StatusCode: 200, HealthStatus: YELLOW 
Time: 2020-08-29 18:37:51.359844574 +0000 UTC, Service: , StatusCode: 200, HealthStatus: YELLOW 
Time: 2020-08-29 18:37:52.361782651 +0000 UTC, Service: , StatusCode: 200, HealthStatus: GREEN 
Time: 2020-08-29 18:37:53.360918741 +0000 UTC, Service: , StatusCode: 200, HealthStatus: GREEN 
Time: 2020-08-29 18:37:54.372566039 +0000 UTC, Service: , StatusCode: 500, ErrorMsg: Get request error: 500 Internal Server Error, Internal Server Error, HealthStatus: YELLOW 
Time: 2020-08-29 18:37:55.360597704 +0000 UTC, Service: , StatusCode: 200, HealthStatus: YELLOW 
Time: 2020-08-29 18:37:56.360299918 +0000 UTC, Service: , StatusCode: 200, HealthStatus: YELLOW 
Time: 2020-08-29 18:37:57.366564417 +0000 UTC, Service: , StatusCode: 200, HealthStatus: YELLOW 
Time: 2020-08-29 18:37:58.361835079 +0000 UTC, Service: , StatusCode: 200, HealthStatus: YELLOW 
Time: 2020-08-29 18:37:59.361560893 +0000 UTC, Service: , StatusCode: 200, HealthStatus: YELLOW 
Time: 2020-08-29 18:38:00.799585707 +0000 UTC, Service: , StatusCode: 200, HealthStatus: YELLOW 
Time: 2020-08-29 18:38:01.385458838 +0000 UTC, Service: , StatusCode: 200, HealthStatus: YELLOW 
Time: 2020-08-29 18:38:02.362152122 +0000 UTC, Service: , StatusCode: 200, HealthStatus: YELLOW 
Time: 2020-08-29 18:38:03.375051989 +0000 UTC, Service: , StatusCode: 200, HealthStatus: YELLOW 
Time: 2020-08-29 18:38:04.36290272 +0000 UTC, Service: , StatusCode: 200, HealthStatus: YELLOW 
Time: 2020-08-29 18:38:05.362924126 +0000 UTC, Service: , StatusCode: 200, HealthStatus: YELLOW 
Time: 2020-08-29 18:38:06.360596379 +0000 UTC, Service: , StatusCode: 200, HealthStatus: YELLOW 
Time: 2020-08-29 18:38:07.361599232 +0000 UTC, Service: , StatusCode: 200, HealthStatus: YELLOW 
Time: 2020-08-29 18:38:08.368416338 +0000 UTC, Service: , StatusCode: 200, HealthStatus: YELLOW 
Time: 2020-08-29 18:38:09.864021209 +0000 UTC, Service: , StatusCode: 200, HealthStatus: YELLOW 
Time: 2020-08-29 18:38:10.380207342 +0000 UTC, Service: , StatusCode: 200, HealthStatus: YELLOW 
Time: 2020-08-29 18:38:11.360675757 +0000 UTC, Service: , StatusCode: 200, HealthStatus: YELLOW 
Time: 2020-08-29 18:38:12.359900948 +0000 UTC, Service: , StatusCode: 200, HealthStatus: YELLOW 
Time: 2020-08-29 18:38:13.361856002 +0000 UTC, Service: , StatusCode: 200, HealthStatus: YELLOW 
Time: 2020-08-29 18:38:14.360768589 +0000 UTC, Service: , StatusCode: 200, HealthStatus: GREEN 
Time: 2020-08-29 18:38:15.36031262 +0000 UTC, Service: , StatusCode: 200, HealthStatus: GREEN 
Time: 2020-08-29 18:38:16.362038944 +0000 UTC, Service: , StatusCode: 200, HealthStatus: GREEN 
Time: 2020-08-29 18:38:17.363331946 +0000 UTC, Service: , StatusCode: 200, HealthStatus: GREEN 
Time: 2020-08-29 18:38:18.375154535 +0000 UTC, Service: , StatusCode: 200, HealthStatus: GREEN 
Time: 2020-08-29 18:38:19.3599125 +0000 UTC, Service: , StatusCode: 200, HealthStatus: GREEN 
Time: 2020-08-29 18:38:20.387453452 +0000 UTC, Service: , StatusCode: 200, HealthStatus: GREEN 
Time: 2020-08-29 18:38:21.360785908 +0000 UTC, Service: , StatusCode: 200, HealthStatus: GREEN 
Time: 2020-08-29 18:38:22.836065827 +0000 UTC, Service: , StatusCode: 200, HealthStatus: GREEN 
Time: 2020-08-29 18:38:23.361410053 +0000 UTC, Service: , StatusCode: 200, HealthStatus: GREEN 
Time: 2020-08-29 18:38:24.362056853 +0000 UTC, Service: , StatusCode: 200, HealthStatus: GREEN 
Time: 2020-08-29 18:38:25.374286218 +0000 UTC, Service: , StatusCode: 200, HealthStatus: GREEN 
Time: 2020-08-29 18:38:26.360845557 +0000 UTC, Service: , StatusCode: 200, HealthStatus: GREEN 
Time: 2020-08-29 18:38:27.383350527 +0000 UTC, Service: , StatusCode: 200, HealthStatus: GREEN 
Time: 2020-08-29 18:38:28.360858572 +0000 UTC, Service: , StatusCode: 200, HealthStatus: GREEN 
Time: 2020-08-29 18:38:29.362031192 +0000 UTC, Service: , StatusCode: 200, HealthStatus: GREEN 
Time: 2020-08-29 18:38:30.361161115 +0000 UTC, Service: , StatusCode: 200, HealthStatus: GREEN 
Time: 2020-08-29 18:38:31.36111638 +0000 UTC, Service: , StatusCode: 200, HealthStatus: GREEN 
Time: 2020-08-29 18:38:32.374386966 +0000 UTC, Service: , StatusCode: 200, HealthStatus: GREEN 
Time: 2020-08-29 18:38:33.364365619 +0000 UTC, Service: , StatusCode: 200, HealthStatus: GREEN 
Time: 2020-08-29 18:38:34.387177294 +0000 UTC, Service: , StatusCode: 200, HealthStatus: GREEN 
Time: 2020-08-29 18:38:35.38163543 +0000 UTC, Service: , StatusCode: 200, HealthStatus: GREEN 
Time: 2020-08-29 18:38:36.361350176 +0000 UTC, Service: , StatusCode: 200, HealthStatus: GREEN 
Time: 2020-08-29 18:38:37.394182407 +0000 UTC, Service: , StatusCode: 200, HealthStatus: GREEN 
Time: 2020-08-29 18:38:38.365682018 +0000 UTC, Service: , StatusCode: 500, ErrorMsg: Get request error: 500 Internal Server Error, Internal Server Error, HealthStatus: YELLOW 
Time: 2020-08-29 18:38:39.840755711 +0000 UTC, Service: , StatusCode: 200, HealthStatus: YELLOW 
Time: 2020-08-29 18:38:40.361878023 +0000 UTC, Service: , StatusCode: 200, HealthStatus: YELLOW 
Time: 2020-08-29 18:38:41.361154174 +0000 UTC, Service: , StatusCode: 200, HealthStatus: YELLOW 
Time: 2020-08-29 18:38:46.485238196 +0000 UTC, Service: MagnificentService, StatusCode: 200, HealthStatus: GREEN 
Time: 2020-08-29 18:38:47.365505416 +0000 UTC, Service: MagnificentService, StatusCode: 200, HealthStatus: GREEN 
Time: 2020-08-29 18:38:48.804495929 +0000 UTC, Service: MagnificentService, StatusCode: 200, HealthStatus: GREEN 
Time: 2020-08-29 18:38:49.363457135 +0000 UTC, Service: MagnificentService, StatusCode: 200, HealthStatus: GREEN 
Time: 2020-08-29 18:38:50.365904819 +0000 UTC, Service: MagnificentService, StatusCode: 200, HealthStatus: GREEN 
Time: 2020-08-29 18:38:51.362812767 +0000 UTC, Service: MagnificentService, StatusCode: 200, HealthStatus: GREEN 
Time: 2020-08-29 18:38:52.365873455 +0000 UTC, Service: MagnificentService, StatusCode: 500, ErrorMsg: Get request error: 500 Internal Server Error, Internal Server Error, HealthStatus: YELLOW 
Time: 2020-08-29 18:38:53.365324866 +0000 UTC, Service: MagnificentService, StatusCode: 200, HealthStatus: YELLOW 
Time: 2020-08-29 18:38:54.36409251 +0000 UTC, Service: MagnificentService, StatusCode: 200, HealthStatus: YELLOW 
Time: 2020-08-29 18:38:55.380122742 +0000 UTC, Service: MagnificentService, StatusCode: 500, ErrorMsg: Get request error: 500 Internal Server Error, Internal Server Error, HealthStatus: YELLOW 
Time: 2020-08-29 18:38:56.364047919 +0000 UTC, Service: MagnificentService, StatusCode: 200, HealthStatus: YELLOW 
Time: 2020-08-29 18:38:57.379594661 +0000 UTC, Service: MagnificentService, StatusCode: 500, ErrorMsg: Get request error: 500 Internal Server Error, Internal Server Error, HealthStatus: RED 
Time: 2020-08-29 18:38:58.363880084 +0000 UTC, Service: MagnificentService, StatusCode: 200, HealthStatus: RED 
Time: 2020-08-29 18:38:59.384874553 +0000 UTC, Service: MagnificentService, StatusCode: 200, HealthStatus: RED 
Time: 2020-08-29 18:39:00.363874609 +0000 UTC, Service: MagnificentService, StatusCode: 200, HealthStatus: YELLOW 
Time: 2020-08-29 18:39:01.362272076 +0000 UTC, Service: MagnificentService, StatusCode: 200, HealthStatus: YELLOW 
Time: 2020-08-29 18:39:02.364606217 +0000 UTC, Service: MagnificentService, StatusCode: 200, HealthStatus: YELLOW 
Time: 2020-08-29 18:39:03.36529878 +0000 UTC, Service: MagnificentService, StatusCode: 200, HealthStatus: YELLOW 
Time: 2020-08-29 18:39:04.364474118 +0000 UTC, Service: MagnificentService, StatusCode: 200, HealthStatus: YELLOW 
Time: 2020-08-29 18:39:05.37662172 +0000 UTC, Service: MagnificentService, StatusCode: 200, HealthStatus: YELLOW 
Time: 2020-08-29 18:39:06.365768145 +0000 UTC, Service: MagnificentService, StatusCode: 200, HealthStatus: YELLOW 
Time: 2020-08-29 18:39:07.365836117 +0000 UTC, Service: MagnificentService, StatusCode: 200, HealthStatus: YELLOW 
Time: 2020-08-29 18:39:08.390082347 +0000 UTC, Service: MagnificentService, StatusCode: 200, HealthStatus: YELLOW 
Time: 2020-08-29 18:39:09.364644684 +0000 UTC, Service: MagnificentService, StatusCode: 200, HealthStatus: YELLOW 
Time: 2020-08-29 18:39:10.393890819 +0000 UTC, Service: MagnificentService, StatusCode: 200, HealthStatus: YELLOW 
Time: 2020-08-29 18:39:11.362663902 +0000 UTC, Service: MagnificentService, StatusCode: 200, HealthStatus: YELLOW 
Time: 2020-08-29 18:39:12.377205377 +0000 UTC, Service: MagnificentService, StatusCode: 200, HealthStatus: YELLOW 
Time: 2020-08-29 18:39:13.363218985 +0000 UTC, Service: MagnificentService, StatusCode: 200, HealthStatus: YELLOW 
Time: 2020-08-29 18:39:14.367272109 +0000 UTC, Service: MagnificentService, StatusCode: 200, HealthStatus: YELLOW 
Time: 2020-08-29 18:39:15.383828304 +0000 UTC, Service: MagnificentService, StatusCode: 200, HealthStatus: YELLOW 
Time: 2020-08-29 18:39:16.365403016 +0000 UTC, Service: MagnificentService, StatusCode: 200, HealthStatus: YELLOW 
Time: 2020-08-29 18:39:17.373107764 +0000 UTC, Service: MagnificentService, StatusCode: 200, HealthStatus: GREEN 
Time: 2020-08-29 18:39:18.365604594 +0000 UTC, Service: MagnificentService, StatusCode: 200, HealthStatus: GREEN 
Time: 2020-08-29 18:39:19.367839762 +0000 UTC, Service: MagnificentService, StatusCode: 200, HealthStatus: GREEN 
Time: 2020-08-29 18:39:20.365128627 +0000 UTC, Service: MagnificentService, StatusCode: 200, HealthStatus: GREEN 
Time: 2020-08-29 18:39:21.466183332 +0000 UTC, Service: MagnificentService, StatusCode: 200, HealthStatus: GREEN 
Time: 2020-08-29 18:39:22.363989488 +0000 UTC, Service: MagnificentService, StatusCode: 200, HealthStatus: GREEN 
Time: 2020-08-29 18:39:23.362259474 +0000 UTC, Service: MagnificentService, StatusCode: 200, HealthStatus: GREEN 
Time: 2020-08-29 18:39:24.364577045 +0000 UTC, Service: MagnificentService, StatusCode: 200, HealthStatus: GREEN 
Time: 2020-08-29 18:39:25.36600873 +0000 UTC, Service: MagnificentService, StatusCode: 200, HealthStatus: GREEN 
Time: 2020-08-29 18:39:26.368203565 +0000 UTC, Service: MagnificentService, StatusCode: 200, HealthStatus: GREEN 
Time: 2020-08-29 18:39:27.365294808 +0000 UTC, Service: MagnificentService, StatusCode: 200, HealthStatus: GREEN 
Time: 2020-08-29 18:39:28.363434163 +0000 UTC, Service: MagnificentService, StatusCode: 200, HealthStatus: GREEN 
Time: 2020-08-29 18:39:29.364928193 +0000 UTC, Service: MagnificentService, StatusCode: 200, HealthStatus: GREEN 
Time: 2020-08-29 18:39:30.364019839 +0000 UTC, Service: MagnificentService, StatusCode: 200, HealthStatus: GREEN 
Time: 2020-08-29 18:39:31.364017254 +0000 UTC, Service: MagnificentService, StatusCode: 200, HealthStatus: GREEN 
Time: 2020-08-29 18:39:32.36454057 +0000 UTC, Service: MagnificentService, StatusCode: 200, HealthStatus: GREEN 
Time: 2020-08-29 18:39:33.371967899 +0000 UTC, Service: MagnificentService, StatusCode: 200, HealthStatus: GREEN 
Time: 2020-08-29 18:39:34.36463005 +0000 UTC, Service: MagnificentService, StatusCode: 200, HealthStatus: GREEN 
Time: 2020-08-29 18:39:35.364765214 +0000 UTC, Service: MagnificentService, StatusCode: 200, HealthStatus: GREEN 
Time: 2020-08-29 18:39:36.364995491 +0000 UTC, Service: MagnificentService, StatusCode: 200, HealthStatus: GREEN 
Time: 2020-08-29 18:39:37.364734134 +0000 UTC, Service: MagnificentService, StatusCode: 200, HealthStatus: GREEN 
Time: 2020-08-29 18:39:43.295974569 +0000 UTC, Service: MagnificentService, StatusCode: 200, HealthStatus: GREEN 
Time: 2020-08-29 18:39:44.108496745 +0000 UTC, Service: MagnificentService, StatusCode: 200, HealthStatus: GREEN 
Time: 2020-08-29 18:39:45.108858225 +0000 UTC, Service: MagnificentService, StatusCode: 200, HealthStatus: GREEN 
Time: 2020-08-29 18:39:46.108477011 +0000 UTC, Service: MagnificentService, StatusCode: 200, HealthStatus: GREEN 
Time: 2020-08-29 18:39:47.136162429 +0000 UTC, Service: MagnificentService, StatusCode: 200, HealthStatus: GREEN 
Time: 2020-08-29 18:39:48.109231182 +0000 UTC, Service: MagnificentService, StatusCode: 200, HealthStatus: GREEN 
Time: 2020-08-29 18:39:49.108566886 +0000 UTC, Service: MagnificentService, StatusCode: 200, HealthStatus: GREEN 
Time: 2020-08-29 18:39:50.106539435 +0000 UTC, Service: MagnificentService, StatusCode: 200, HealthStatus: GREEN 
Time: 2020-08-29 18:39:51.10861314 +0000 UTC, Service: MagnificentService, StatusCode: 200, HealthStatus: GREEN 
Time: 2020-08-29 18:39:52.107919465 +0000 UTC, Service: MagnificentService, StatusCode: 200, HealthStatus: GREEN 
Time: 2020-08-29 18:39:53.132643729 +0000 UTC, Service: MagnificentService, StatusCode: 500, ErrorMsg: Get request error: 500 Internal Server Error, Internal Server Error, HealthStatus: YELLOW 
Time: 2020-08-29 18:39:54.109022513 +0000 UTC, Service: MagnificentService, StatusCode: 200, HealthStatus: YELLOW 
Time: 2020-08-29 18:39:55.109495739 +0000 UTC, Service: MagnificentService, StatusCode: 200, HealthStatus: YELLOW 
Time: 2020-08-29 18:39:56.108611453 +0000 UTC, Service: MagnificentService, StatusCode: 200, HealthStatus: YELLOW 
Time: 2020-08-29 18:39:57.108960364 +0000 UTC, Service: MagnificentService, StatusCode: 200, HealthStatus: YELLOW 
Time: 2020-08-29 18:39:58.105929565 +0000 UTC, Service: MagnificentService, StatusCode: 200, HealthStatus: YELLOW 
Time: 2020-08-29 18:39:59.107302673 +0000 UTC, Service: MagnificentService, StatusCode: 200, HealthStatus: YELLOW 
Time: 2020-08-29 18:40:00.109020115 +0000 UTC, Service: MagnificentService, StatusCode: 200, HealthStatus: YELLOW 
Time: 2020-08-29 18:40:01.123365301 +0000 UTC, Service: MagnificentService, StatusCode: 500, ErrorMsg: Get request error: 500 Internal Server Error, Internal Server Error, HealthStatus: YELLOW 
Time: 2020-08-29 18:40:02.108669687 +0000 UTC, Service: MagnificentService, StatusCode: 200, HealthStatus: YELLOW 
Time: 2020-08-29 18:40:03.107944698 +0000 UTC, Service: MagnificentService, StatusCode: 200, HealthStatus: YELLOW 
Time: 2020-08-29 18:40:04.107063018 +0000 UTC, Service: MagnificentService, StatusCode: 200, HealthStatus: YELLOW 
Time: 2020-08-29 18:40:05.131199939 +0000 UTC, Service: MagnificentService, StatusCode: 200, HealthStatus: YELLOW 
Time: 2020-08-29 18:40:06.113726673 +0000 UTC, Service: MagnificentService, StatusCode: 200, HealthStatus: YELLOW 
Time: 2020-08-29 18:40:07.108203454 +0000 UTC, Service: MagnificentService, StatusCode: 200, HealthStatus: YELLOW 
Time: 2020-08-29 18:40:08.123228141 +0000 UTC, Service: MagnificentService, StatusCode: 500, ErrorMsg: Get request error: 500 Internal Server Error, Internal Server Error, HealthStatus: YELLOW 
Time: 2020-08-29 18:40:09.108527732 +0000 UTC, Service: MagnificentService, StatusCode: 200, HealthStatus: YELLOW 
Time: 2020-08-29 18:40:10.108646734 +0000 UTC, Service: MagnificentService, StatusCode: 200, HealthStatus: YELLOW 
Time: 2020-08-29 18:40:11.108744813 +0000 UTC, Service: MagnificentService, StatusCode: 200, HealthStatus: YELLOW 
Time: 2020-08-29 18:40:12.108485021 +0000 UTC, Service: MagnificentService, StatusCode: 200, HealthStatus: YELLOW 
Time: 2020-08-29 18:40:13.126061542 +0000 UTC, Service: MagnificentService, StatusCode: 200, HealthStatus: YELLOW 
Time: 2020-08-29 18:40:14.107896086 +0000 UTC, Service: MagnificentService, StatusCode: 200, HealthStatus: YELLOW 
Time: 2020-08-29 18:40:15.119287567 +0000 UTC, Service: MagnificentService, StatusCode: 500, ErrorMsg: Get request error: 500 Internal Server Error, Internal Server Error, HealthStatus: YELLOW 
Time: 2020-08-29 18:40:16.109958209 +0000 UTC, Service: MagnificentService, StatusCode: 200, HealthStatus: YELLOW 
Time: 2020-08-29 18:40:17.125209881 +0000 UTC, Service: MagnificentService, StatusCode: 200, HealthStatus: YELLOW 
Time: 2020-08-29 18:40:18.130618664 +0000 UTC, Service: MagnificentService, StatusCode: 200, HealthStatus: YELLOW 
Time: 2020-08-29 18:40:19.107770983 +0000 UTC, Service: MagnificentService, StatusCode: 200, HealthStatus: YELLOW 
Time: 2020-08-29 18:40:20.108624623 +0000 UTC, Service: MagnificentService, StatusCode: 200, HealthStatus: YELLOW 
Time: 2020-08-29 18:40:21.106268464 +0000 UTC, Service: MagnificentService, StatusCode: 200, HealthStatus: YELLOW 
Time: 2020-08-29 18:40:22.106234763 +0000 UTC, Service: MagnificentService, StatusCode: 200, HealthStatus: YELLOW 
Time: 2020-08-29 18:40:23.10856043 +0000 UTC, Service: MagnificentService, StatusCode: 200, HealthStatus: YELLOW 
Time: 2020-08-29 18:40:24.131327772 +0000 UTC, Service: MagnificentService, StatusCode: 200, HealthStatus: YELLOW 
Time: 2020-08-29 18:40:25.110970999 +0000 UTC, Service: MagnificentService, StatusCode: 200, HealthStatus: YELLOW 
Time: 2020-08-29 18:40:26.108010472 +0000 UTC, Service: MagnificentService, StatusCode: 200, HealthStatus: YELLOW 
Time: 2020-08-29 18:40:27.109201231 +0000 UTC, Service: MagnificentService, StatusCode: 200, HealthStatus: YELLOW 
Time: 2020-08-29 18:40:28.118663327 +0000 UTC, Service: MagnificentService, StatusCode: 200, HealthStatus: YELLOW 
Time: 2020-08-29 18:40:29.126958367 +0000 UTC, Service: MagnificentService, StatusCode: 200, HealthStatus: YELLOW 
Time: 2020-08-29 18:40:30.108329185 +0000 UTC, Service: MagnificentService, StatusCode: 200, HealthStatus: YELLOW 
Time: 2020-08-29 18:40:31.106679091 +0000 UTC, Service: MagnificentService, StatusCode: 200, HealthStatus: YELLOW 
Time: 2020-08-29 18:40:32.108134762 +0000 UTC, Service: MagnificentService, StatusCode: 200, HealthStatus: YELLOW 
Time: 2020-08-29 18:40:33.123757847 +0000 UTC, Service: MagnificentService, StatusCode: 200, HealthStatus: YELLOW 
Time: 2020-08-29 18:40:34.124264848 +0000 UTC, Service: MagnificentService, StatusCode: 500, ErrorMsg: Get request error: 500 Internal Server Error, Internal Server Error, HealthStatus: YELLOW 
Time: 2020-08-29 18:40:35.56643423 +0000 UTC, Service: MagnificentService, StatusCode: 200, HealthStatus: YELLOW 
Time: 2020-08-29 18:40:36.121713105 +0000 UTC, Service: MagnificentService, StatusCode: 500, ErrorMsg: Get request error: 500 Internal Server Error, Internal Server Error, HealthStatus: YELLOW 
Time: 2020-08-29 18:40:37.108686963 +0000 UTC, Service: MagnificentService, StatusCode: 200, HealthStatus: YELLOW 
Time: 2020-08-29 18:40:38.10967211 +0000 UTC, Service: MagnificentService, StatusCode: 200, HealthStatus: YELLOW 
Time: 2020-08-29 18:40:39.107091982 +0000 UTC, Service: MagnificentService, StatusCode: 200, HealthStatus: YELLOW 
Time: 2020-08-29 18:40:40.106849468 +0000 UTC, Service: MagnificentService, StatusCode: 200, HealthStatus: YELLOW 
Time: 2020-08-29 18:40:41.108614635 +0000 UTC, Service: MagnificentService, StatusCode: 200, HealthStatus: YELLOW 
Time: 2020-08-29 18:40:42.108732002 +0000 UTC, Service: MagnificentService, StatusCode: 200, HealthStatus: YELLOW 
Time: 2020-08-29 18:40:43.33295895 +0000 UTC, Service: MagnificentService, StatusCode: 200, HealthStatus: YELLOW 
Time: 2020-08-29 18:40:44.109122013 +0000 UTC, Service: MagnificentService, StatusCode: 200, HealthStatus: YELLOW 
Time: 2020-08-29 18:40:45.10832074 +0000 UTC, Service: MagnificentService, StatusCode: 200, HealthStatus: YELLOW 
Time: 2020-08-29 18:40:46.108658694 +0000 UTC, Service: MagnificentService, StatusCode: 200, HealthStatus: YELLOW 
Time: 2020-08-29 18:40:47.108159987 +0000 UTC, Service: MagnificentService, StatusCode: 200, HealthStatus: YELLOW 
Time: 2020-08-29 18:40:48.129324039 +0000 UTC, Service: MagnificentService, StatusCode: 200, HealthStatus: YELLOW 
Time: 2020-08-29 18:40:49.107030413 +0000 UTC, Service: MagnificentService, StatusCode: 200, HealthStatus: YELLOW 
Time: 2020-08-29 18:40:50.107348652 +0000 UTC, Service: MagnificentService, StatusCode: 200, HealthStatus: YELLOW 
Time: 2020-08-29 18:40:51.108352081 +0000 UTC, Service: MagnificentService, StatusCode: 200, HealthStatus: YELLOW 
Time: 2020-08-29 18:40:52.108628201 +0000 UTC, Service: MagnificentService, StatusCode: 200, HealthStatus: YELLOW 
Time: 2020-08-29 18:40:53.108272709 +0000 UTC, Service: MagnificentService, StatusCode: 200, HealthStatus: YELLOW 
Time: 2020-08-29 18:40:54.108544941 +0000 UTC, Service: MagnificentService, StatusCode: 200, HealthStatus: YELLOW 
Time: 2020-08-29 18:40:55.125059993 +0000 UTC, Service: MagnificentService, StatusCode: 200, HealthStatus: YELLOW 
Time: 2020-08-29 18:40:56.109332146 +0000 UTC, Service: MagnificentService, StatusCode: 200, HealthStatus: GREEN 
Time: 2020-08-29 18:40:57.13234371 +0000 UTC, Service: MagnificentService, StatusCode: 200, HealthStatus: GREEN 
Time: 2020-08-29 18:40:58.106546655 +0000 UTC, Service: MagnificentService, StatusCode: 200, HealthStatus: GREEN 
Time: 2020-08-29 18:40:59.138799409 +0000 UTC, Service: MagnificentService, StatusCode: 200, HealthStatus: GREEN 
Time: 2020-08-29 18:41:00.109336088 +0000 UTC, Service: MagnificentService, StatusCode: 200, HealthStatus: GREEN 
Time: 2020-08-29 18:41:01.110531573 +0000 UTC, Service: MagnificentService, StatusCode: 200, HealthStatus: GREEN 
Time: 2020-08-29 18:41:02.126181433 +0000 UTC, Service: MagnificentService, StatusCode: 500, ErrorMsg: Get request error: 500 Internal Server Error, Internal Server Error, HealthStatus: YELLOW 
Time: 2020-08-29 18:41:03.108039125 +0000 UTC, Service: MagnificentService, StatusCode: 200, HealthStatus: YELLOW 
Time: 2020-08-29 18:41:04.10768996 +0000 UTC, Service: MagnificentService, StatusCode: 200, HealthStatus: YELLOW 
Time: 2020-08-29 18:41:05.110270573 +0000 UTC, Service: MagnificentService, StatusCode: 200, HealthStatus: YELLOW 
Time: 2020-08-29 18:41:06.133773151 +0000 UTC, Service: MagnificentService, StatusCode: 500, ErrorMsg: Get request error: 500 Internal Server Error, Internal Server Error, HealthStatus: YELLOW 
Time: 2020-08-29 18:41:07.108013464 +0000 UTC, Service: MagnificentService, StatusCode: 200, HealthStatus: YELLOW 
Time: 2020-08-29 18:41:08.17003283 +0000 UTC, Service: MagnificentService, StatusCode: 500, ErrorMsg: Get request error: 500 Internal Server Error, Internal Server Error, HealthStatus: YELLOW 
Time: 2020-08-29 18:41:09.109818746 +0000 UTC, Service: MagnificentService, StatusCode: 200, HealthStatus: YELLOW 
Time: 2020-08-29 18:41:10.108354186 +0000 UTC, Service: MagnificentService, StatusCode: 200, HealthStatus: YELLOW 
Time: 2020-08-29 18:41:11.121535083 +0000 UTC, Service: MagnificentService, StatusCode: 500, ErrorMsg: Get request error: 500 Internal Server Error, Internal Server Error, HealthStatus: YELLOW 
Time: 2020-08-29 18:41:12.107955517 +0000 UTC, Service: MagnificentService, StatusCode: 200, HealthStatus: YELLOW 
Time: 2020-08-29 18:41:13.118359895 +0000 UTC, Service: MagnificentService, StatusCode: 500, ErrorMsg: Get request error: 500 Internal Server Error, Internal Server Error, HealthStatus: RED 
Time: 2020-08-29 18:41:14.107028226 +0000 UTC, Service: MagnificentService, StatusCode: 200, HealthStatus: RED 
Time: 2020-08-29 18:41:15.125721576 +0000 UTC, Service: MagnificentService, StatusCode: 500, ErrorMsg: Get request error: 500 Internal Server Error, Internal Server Error, HealthStatus: RED 
Time: 2020-08-29 18:41:16.106420813 +0000 UTC, Service: MagnificentService, StatusCode: 200, HealthStatus: RED 
Time: 2020-08-29 18:41:17.116016958 +0000 UTC, Service: MagnificentService, StatusCode: 200, HealthStatus: RED 
Time: 2020-08-29 18:41:18.107115456 +0000 UTC, Service: MagnificentService, StatusCode: 200, HealthStatus: RED 
Time: 2020-08-29 18:41:19.109618228 +0000 UTC, Service: MagnificentService, StatusCode: 200, HealthStatus: RED 
Time: 2020-08-29 18:41:20.127291285 +0000 UTC, Service: MagnificentService, StatusCode: 500, ErrorMsg: Get request error: 500 Internal Server Error, Internal Server Error, HealthStatus: RED 
Time: 2020-08-29 18:41:21.110386943 +0000 UTC, Service: MagnificentService, StatusCode: 200, HealthStatus: RED 
Time: 2020-08-29 18:41:22.109346214 +0000 UTC, Service: MagnificentService, StatusCode: 200, HealthStatus: RED 
Time: 2020-08-29 18:41:23.108720699 +0000 UTC, Service: MagnificentService, StatusCode: 200, HealthStatus: RED 
Time: 2020-08-29 18:41:24.128689104 +0000 UTC, Service: MagnificentService, StatusCode: 200, HealthStatus: RED 
Time: 2020-08-29 18:41:25.122551132 +0000 UTC, Service: MagnificentService, StatusCode: 200, HealthStatus: RED 
Time: 2020-08-29 18:41:26.105759728 +0000 UTC, Service: MagnificentService, StatusCode: 200, HealthStatus: RED 
Time: 2020-08-29 18:41:27.12844439 +0000 UTC, Service: MagnificentService, StatusCode: 500, ErrorMsg: Get request error: 500 Internal Server Error, Internal Server Error, HealthStatus: RED 
Time: 2020-08-29 18:41:28.106369999 +0000 UTC, Service: MagnificentService, StatusCode: 200, HealthStatus: RED 
Time: 2020-08-29 18:41:29.108571177 +0000 UTC, Service: MagnificentService, StatusCode: 200, HealthStatus: RED 
Time: 2020-08-29 18:41:30.10883296 +0000 UTC, Service: MagnificentService, StatusCode: 200, HealthStatus: RED 
Time: 2020-08-29 18:41:31.121665898 +0000 UTC, Service: MagnificentService, StatusCode: 200, HealthStatus: YELLOW 
Time: 2020-08-29 18:41:32.125769193 +0000 UTC, Service: MagnificentService, StatusCode: 200, HealthStatus: YELLOW 
Time: 2020-08-29 18:41:33.120523792 +0000 UTC, Service: MagnificentService, StatusCode: 200, HealthStatus: YELLOW 
Time: 2020-08-29 18:41:34.124474894 +0000 UTC, Service: MagnificentService, StatusCode: 200, HealthStatus: YELLOW 
Time: 2020-08-29 18:41:35.118502664 +0000 UTC, Service: MagnificentService, StatusCode: 200, HealthStatus: YELLOW 
Time: 2020-08-29 18:41:36.111181353 +0000 UTC, Service: MagnificentService, StatusCode: 200, HealthStatus: YELLOW 
Time: 2020-08-29 18:41:37.130277431 +0000 UTC, Service: MagnificentService, StatusCode: 200, HealthStatus: YELLOW 
Time: 2020-08-29 18:41:38.112952429 +0000 UTC, Service: MagnificentService, StatusCode: 200, HealthStatus: YELLOW 
Time: 2020-08-29 18:41:39.13087163 +0000 UTC, Service: MagnificentService, StatusCode: 200, HealthStatus: YELLOW 
Time: 2020-08-29 18:41:40.136203695 +0000 UTC, Service: MagnificentService, StatusCode: 200, HealthStatus: YELLOW 
Time: 2020-08-29 18:41:41.110008293 +0000 UTC, Service: MagnificentService, StatusCode: 200, HealthStatus: YELLOW 
Time: 2020-08-29 18:41:42.106916011 +0000 UTC, Service: MagnificentService, StatusCode: 200, HealthStatus: YELLOW 
Time: 2020-08-29 18:41:43.152457967 +0000 UTC, Service: MagnificentService, StatusCode: 200, HealthStatus: YELLOW 
Time: 2020-08-29 18:41:44.108584414 +0000 UTC, Service: MagnificentService, StatusCode: 200, HealthStatus: YELLOW 
Time: 2020-08-29 18:41:45.10909649 +0000 UTC, Service: MagnificentService, StatusCode: 200, HealthStatus: YELLOW 
Time: 2020-08-29 18:41:46.108421888 +0000 UTC, Service: MagnificentService, StatusCode: 200, HealthStatus: YELLOW 
Time: 2020-08-29 18:41:47.108090078 +0000 UTC, Service: MagnificentService, StatusCode: 200, HealthStatus: GREEN 
Time: 2020-08-29 18:41:48.108033291 +0000 UTC, Service: MagnificentService, StatusCode: 200, HealthStatus: GREEN 
Time: 2020-08-29 18:41:49.108148277 +0000 UTC, Service: MagnificentService, StatusCode: 200, HealthStatus: GREEN 
Time: 2020-08-29 18:41:50.112789188 +0000 UTC, Service: MagnificentService, StatusCode: 200, HealthStatus: GREEN 
Time: 2020-08-29 18:41:51.107475104 +0000 UTC, Service: MagnificentService, StatusCode: 200, HealthStatus: GREEN 
Time: 2020-08-29 18:41:52.114903221 +0000 UTC, Service: MagnificentService, StatusCode: 200, HealthStatus: GREEN 
Time: 2020-08-29 18:41:53.108529872 +0000 UTC, Service: MagnificentService, StatusCode: 200, HealthStatus: GREEN 
Time: 2020-08-29 18:41:54.108505564 +0000 UTC, Service: MagnificentService, StatusCode: 200, HealthStatus: GREEN 
Time: 2020-08-29 18:41:55.125201685 +0000 UTC, Service: MagnificentService, StatusCode: 200, HealthStatus: GREEN 
Time: 2020-08-29 18:41:56.108400605 +0000 UTC, Service: MagnificentService, StatusCode: 200, HealthStatus: GREEN 
Time: 2020-08-29 18:41:57.107874605 +0000 UTC, Service: MagnificentService, StatusCode: 200, HealthStatus: GREEN 
Time: 2020-08-29 18:41:58.124279954 +0000 UTC, Service: MagnificentService, StatusCode: 200, HealthStatus: GREEN 
Time: 2020-08-29 18:41:59.108135804 +0000 UTC, Service: MagnificentService, StatusCode: 200, HealthStatus: GREEN 
Time: 2020-08-29 18:42:00.1083268 +0000 UTC, Service: MagnificentService, StatusCode: 200, HealthStatus: GREEN 
Time: 2020-08-29 18:42:01.10908321 +0000 UTC, Service: MagnificentService, StatusCode: 200, HealthStatus: GREEN 
Time: 2020-08-29 18:42:02.124626217 +0000 UTC, Service: MagnificentService, StatusCode: 200, HealthStatus: GREEN 
Time: 2020-08-29 18:42:03.113070872 +0000 UTC, Service: MagnificentService, StatusCode: 500, ErrorMsg: Get request error: 500 Internal Server Error, Internal Server Error, HealthStatus: YELLOW 
Time: 2020-08-29 18:42:04.112353525 +0000 UTC, Service: MagnificentService, StatusCode: 200, HealthStatus: YELLOW 
Time: 2020-08-29 18:42:05.109333198 +0000 UTC, Service: MagnificentService, StatusCode: 200, HealthStatus: YELLOW 
Time: 2020-08-29 18:42:06.108481291 +0000 UTC, Service: MagnificentService, StatusCode: 200, HealthStatus: YELLOW 
Time: 2020-08-29 18:42:07.124891305 +0000 UTC, Service: MagnificentService, StatusCode: 200, HealthStatus: YELLOW 
Time: 2020-08-29 18:42:08.108289589 +0000 UTC, Service: MagnificentService, StatusCode: 200, HealthStatus: YELLOW 
Time: 2020-08-29 18:42:09.106191559 +0000 UTC, Service: MagnificentService, StatusCode: 200, HealthStatus: YELLOW 
Time: 2020-08-29 18:42:10.185673598 +0000 UTC, Service: MagnificentService, StatusCode: 200, HealthStatus: YELLOW 
Time: 2020-08-29 18:42:11.121333056 +0000 UTC, Service: MagnificentService, StatusCode: 200, HealthStatus: YELLOW 
Time: 2020-08-29 18:42:12.108772207 +0000 UTC, Service: MagnificentService, StatusCode: 500, ErrorMsg: Get request error: 500 Internal Server Error, Internal Server Error, HealthStatus: YELLOW 
Time: 2020-08-29 18:42:13.108096823 +0000 UTC, Service: MagnificentService, StatusCode: 200, HealthStatus: YELLOW 
Time: 2020-08-29 18:42:14.108172872 +0000 UTC, Service: MagnificentService, StatusCode: 200, HealthStatus: YELLOW 
Time: 2020-08-29 18:42:15.108959806 +0000 UTC, Service: MagnificentService, StatusCode: 200, HealthStatus: YELLOW 
Time: 2020-08-29 18:42:16.106207303 +0000 UTC, Service: MagnificentService, StatusCode: 200, HealthStatus: YELLOW 
Time: 2020-08-29 18:42:17.10806621 +0000 UTC, Service: MagnificentService, StatusCode: 200, HealthStatus: YELLOW 
Time: 2020-08-29 18:42:18.12025987 +0000 UTC, Service: MagnificentService, StatusCode: 200, HealthStatus: YELLOW 
Time: 2020-08-29 18:42:19.106604633 +0000 UTC, Service: MagnificentService, StatusCode: 200, HealthStatus: YELLOW 
Time: 2020-08-29 18:42:20.109488192 +0000 UTC, Service: MagnificentService, StatusCode: 200, HealthStatus: YELLOW 
Time: 2020-08-29 18:42:21.133543469 +0000 UTC, Service: MagnificentService, StatusCode: 200, HealthStatus: YELLOW 
Time: 2020-08-29 18:42:22.108553185 +0000 UTC, Service: MagnificentService, StatusCode: 200, HealthStatus: YELLOW 
Time: 2020-08-29 18:42:23.111285147 +0000 UTC, Service: MagnificentService, StatusCode: 200, HealthStatus: YELLOW 
Time: 2020-08-29 18:42:24.10799818 +0000 UTC, Service: MagnificentService, StatusCode: 200, HealthStatus: YELLOW 
Time: 2020-08-29 18:42:25.10939114 +0000 UTC, Service: MagnificentService, StatusCode: 200, HealthStatus: YELLOW 
Time: 2020-08-29 18:42:26.10883675 +0000 UTC, Service: MagnificentService, StatusCode: 200, HealthStatus: YELLOW 
Time: 2020-08-29 18:42:27.109336044 +0000 UTC, Service: MagnificentService, StatusCode: 200, HealthStatus: YELLOW 
Time: 2020-08-29 18:42:28.116708504 +0000 UTC, Service: MagnificentService, StatusCode: 200, HealthStatus: YELLOW 
Time: 2020-08-29 18:42:29.106763846 +0000 UTC, Service: MagnificentService, StatusCode: 200, HealthStatus: YELLOW 
Time: 2020-08-29 18:42:30.108354331 +0000 UTC, Service: MagnificentService, StatusCode: 200, HealthStatus: YELLOW 
Time: 2020-08-29 18:42:31.11625927 +0000 UTC, Service: MagnificentService, StatusCode: 200, HealthStatus: YELLOW 
Time: 2020-08-29 18:42:32.106562622 +0000 UTC, Service: MagnificentService, StatusCode: 200, HealthStatus: GREEN 
Time: 2020-08-29 18:42:33.108347254 +0000 UTC, Service: MagnificentService, StatusCode: 200, HealthStatus: GREEN 
Time: 2020-08-29 18:42:34.109766057 +0000 UTC, Service: MagnificentService, StatusCode: 200, HealthStatus: GREEN 
Time: 2020-08-29 18:42:35.108246415 +0000 UTC, Service: MagnificentService, StatusCode: 200, HealthStatus: GREEN 
Time: 2020-08-29 18:42:36.106470567 +0000 UTC, Service: MagnificentService, StatusCode: 200, HealthStatus: GREEN 
Time: 2020-08-29 18:42:37.1614357 +0000 UTC, Service: MagnificentService, StatusCode: 200, HealthStatus: GREEN 
Time: 2020-08-29 18:42:38.105727741 +0000 UTC, Service: MagnificentService, StatusCode: 200, HealthStatus: GREEN 
Time: 2020-08-29 18:42:39.108501472 +0000 UTC, Service: MagnificentService, StatusCode: 200, HealthStatus: GREEN 
Time: 2020-08-29 18:42:40.107481331 +0000 UTC, Service: MagnificentService, StatusCode: 200, HealthStatus: GREEN 
Time: 2020-08-29 18:42:41.11089016 +0000 UTC, Service: MagnificentService, StatusCode: 200, HealthStatus: GREEN 
Time: 2020-08-29 18:42:42.126959433 +0000 UTC, Service: MagnificentService, StatusCode: 200, HealthStatus: GREEN 
Time: 2020-08-29 18:42:43.142067246 +0000 UTC, Service: MagnificentService, StatusCode: 200, HealthStatus: GREEN 
Time: 2020-08-29 18:42:44.166689224 +0000 UTC, Service: MagnificentService, StatusCode: 200, HealthStatus: GREEN 
Time: 2020-08-29 18:42:45.236654199 +0000 UTC, Service: MagnificentService, StatusCode: 200, HealthStatus: GREEN 
Time: 2020-08-29 18:42:46.131748658 +0000 UTC, Service: MagnificentService, StatusCode: 200, HealthStatus: GREEN 
Time: 2020-08-29 18:42:47.109805199 +0000 UTC, Service: MagnificentService, StatusCode: 200, HealthStatus: GREEN 
Time: 2020-08-29 18:42:48.117424738 +0000 UTC, Service: MagnificentService, StatusCode: 200, HealthStatus: GREEN 
Time: 2020-08-29 18:42:49.13085437 +0000 UTC, Service: MagnificentService, StatusCode: 200, HealthStatus: GREEN 
Time: 2020-08-29 18:42:50.108080207 +0000 UTC, Service: MagnificentService, StatusCode: 200, HealthStatus: GREEN 
Time: 2020-08-29 18:42:51.131157557 +0000 UTC, Service: MagnificentService, StatusCode: 200, HealthStatus: GREEN 
Time: 2020-08-29 18:42:52.107453597 +0000 UTC, Service: MagnificentService, StatusCode: 200, HealthStatus: GREEN 
Time: 2020-08-29 18:42:53.114650825 +0000 UTC, Service: MagnificentService, StatusCode: 200, HealthStatus: GREEN 
Time: 2020-08-29 18:42:54.107477877 +0000 UTC, Service: MagnificentService, StatusCode: 200, HealthStatus: GREEN 
Time: 2020-08-29 18:42:55.10688014 +0000 UTC, Service: MagnificentService, StatusCode: 200, HealthStatus: GREEN 
Time: 2020-08-29 18:42:56.131774301 +0000 UTC, Service: MagnificentService, StatusCode: 200, HealthStatus: GREEN 
Time: 2020-08-29 18:42:57.123224219 +0000 UTC, Service: MagnificentService, StatusCode: 200, HealthStatus: GREEN 
Time: 2020-08-29 18:42:58.108242441 +0000 UTC, Service: MagnificentService, StatusCode: 200, HealthStatus: GREEN 
Time: 2020-08-29 18:42:59.108331403 +0000 UTC, Service: MagnificentService, StatusCode: 200, HealthStatus: GREEN 
Time: 2020-08-29 18:43:00.107661346 +0000 UTC, Service: MagnificentService, StatusCode: 200, HealthStatus: GREEN 
Time: 2020-08-29 18:43:01.107361069 +0000 UTC, Service: MagnificentService, StatusCode: 200, HealthStatus: GREEN 
Time: 2020-08-29 18:43:02.109023116 +0000 UTC, Service: MagnificentService, StatusCode: 200, HealthStatus: GREEN 
Time: 2020-08-29 18:43:03.109055936 +0000 UTC, Service: MagnificentService, StatusCode: 200, HealthStatus: GREEN 
Time: 2020-08-29 18:43:04.127601735 +0000 UTC, Service: MagnificentService, StatusCode: 500, ErrorMsg: Get request error: 500 Internal Server Error, Internal Server Error, HealthStatus: YELLOW 
Time: 2020-08-29 18:43:05.106652847 +0000 UTC, Service: MagnificentService, StatusCode: 200, HealthStatus: YELLOW 
Time: 2020-08-29 18:43:06.106568273 +0000 UTC, Service: MagnificentService, StatusCode: 200, HealthStatus: YELLOW 
Time: 2020-08-29 18:43:07.112638546 +0000 UTC, Service: MagnificentService, StatusCode: 200, HealthStatus: YELLOW 
Time: 2020-08-29 18:43:08.107942778 +0000 UTC, Service: MagnificentService, StatusCode: 200, HealthStatus: YELLOW 
Time: 2020-08-29 18:43:09.131079918 +0000 UTC, Service: MagnificentService, StatusCode: 200, HealthStatus: YELLOW 
Time: 2020-08-29 18:43:10.112769521 +0000 UTC, Service: MagnificentService, StatusCode: 500, ErrorMsg: Get request error: 500 Internal Server Error, Internal Server Error, HealthStatus: YELLOW 
Time: 2020-08-29 18:43:11.106916275 +0000 UTC, Service: MagnificentService, StatusCode: 200, HealthStatus: YELLOW 
Time: 2020-08-29 18:43:12.107873633 +0000 UTC, Service: MagnificentService, StatusCode: 200, HealthStatus: YELLOW 
Time: 2020-08-29 18:43:13.111630682 +0000 UTC, Service: MagnificentService, StatusCode: 200, HealthStatus: YELLOW 
Time: 2020-08-29 18:46:20.508139969 +0000 UTC, Service: MagnificentService, StatusCode: 200, HealthStatus: GREEN 
Time: 2020-08-29 18:55:54.372282518 +0000 UTC, Service: MagnificentService, StatusCode: 200, HealthStatus: RED 
Time: 2020-08-29 18:56:04.243313769 +0000 UTC, Service: MagnificentService, StatusCode: 200, HealthStatus: RED 
Time: 2020-08-29 18:56:14.259647518 +0000 UTC, Service: MagnificentService, StatusCode: 200, HealthStatus: RED 
Time: 2020-08-29 18:56:24.24329471 +0000 UTC, Service: MagnificentService, StatusCode: 200, HealthStatus: RED 
Time: 2020-08-29 18:56:34.259451189 +0000 UTC, Service: MagnificentService, StatusCode: 200, HealthStatus: RED 
Time: 2020-08-29 18:56:44.267412459 +0000 UTC, Service: MagnificentService, StatusCode: 200, HealthStatus: RED 
Time: 2020-08-29 18:56:58.907169552 +0000 UTC, Service: MagnificentService, StatusCode: 200, HealthStatus: GREEN 
